# JRE version: OpenJDK Runtime Environment (8.0_202) (build 1.8.0_202-release-1483-b49-5587405)
# Java VM: OpenJDK 64-Bit Server VM (25.202-b49-5587405 mixed mode linux-amd64 compressed oops)
Heap:
 PSYoungGen      total 438784K, used 0K [0x00000000e0000000, 0x0000000100000000, 0x0000000100000000)
  eden space 394240K, 0% used [0x00000000e0000000,0x00000000e0000000,0x00000000f8100000)
  from space 44544K, 0% used [0x00000000fd280000,0x00000000fd280000,0x00000000ffe00000)
  to   space 65024K, 0% used [0x00000000f8100000,0x00000000f8100000,0x00000000fc080000)
 ParOldGen       total 185344K, used 135245K [0x00000000a0000000, 0x00000000ab500000, 0x00000000e0000000)
  object space 185344K, 72% used [0x00000000a0000000,0x00000000a84137d8,0x00000000ab500000)
 Metaspace       used 108954K, capacity 114270K, committed 119000K, reserved 1153024K
  class space    used 13407K, capacity 14315K, committed 15360K, reserved 1048576K
GC Heap History (10 events):
Event: 12490.903 GC heap after
Heap after GC invocations=51 (full 5):
 PSYoungGen      total 472064K, used 10400K [0x00000000e0000000, 0x00000000ffd80000, 0x0000000100000000)
  eden space 424448K, 0% used [0x00000000e0000000,0x00000000e0000000,0x00000000f9e80000)
  from space 47616K, 21% used [0x00000000fcf00000,0x00000000fd928000,0x00000000ffd80000)
  to   space 48640K, 0% used [0x00000000f9e80000,0x00000000f9e80000,0x00000000fce00000)
 ParOldGen       total 171008K, used 129236K [0x00000000a0000000, 0x00000000aa700000, 0x00000000e0000000)
  object space 171008K, 75% used [0x00000000a0000000,0x00000000a7e35278,0x00000000aa700000)
 Metaspace       used 110716K, capacity 116878K, committed 117848K, reserved 1153024K
  class space    used 13779K, capacity 14835K, committed 15232K, reserved 1048576K
}
Event: 12492.075 GC heap before
{Heap before GC invocations=52 (full 5):
 PSYoungGen      total 472064K, used 434848K [0x00000000e0000000, 0x00000000ffd80000, 0x0000000100000000)
  eden space 424448K, 100% used [0x00000000e0000000,0x00000000f9e80000,0x00000000f9e80000)
  from space 47616K, 21% used [0x00000000fcf00000,0x00000000fd928000,0x00000000ffd80000)
  to   space 48640K, 0% used [0x00000000f9e80000,0x00000000f9e80000,0x00000000fce00000)
 ParOldGen       total 171008K, used 129236K [0x00000000a0000000, 0x00000000aa700000, 0x00000000e0000000)
  object space 171008K, 75% used [0x00000000a0000000,0x00000000a7e35278,0x00000000aa700000)
 Metaspace       used 110718K, capacity 116878K, committed 117848K, reserved 1153024K
  class space    used 13779K, capacity 14835K, committed 15232K, reserved 1048576K
Event: 12492.110 GC heap after
Heap after GC invocations=52 (full 5):
 PSYoungGen      total 473088K, used 7088K [0x00000000e0000000, 0x0000000100000000, 0x0000000100000000)
  eden space 424448K, 0% used [0x00000000e0000000,0x00000000e0000000,0x00000000f9e80000)
  from space 48640K, 14% used [0x00000000f9e80000,0x00000000fa56c1e0,0x00000000fce00000)
  to   space 48128K, 0% used [0x00000000fd100000,0x00000000fd100000,0x0000000100000000)
 ParOldGen       total 171008K, used 139044K [0x00000000a0000000, 0x00000000aa700000, 0x00000000e0000000)
  object space 171008K, 81% used [0x00000000a0000000,0x00000000a87c92c8,0x00000000aa700000)
 Metaspace       used 110718K, capacity 116878K, committed 117848K, reserved 1153024K
  class space    used 13779K, capacity 14835K, committed 15232K, reserved 1048576K
}
Event: 12493.796 GC heap before
{Heap before GC invocations=53 (full 5):
 PSYoungGen      total 473088K, used 431536K [0x00000000e0000000, 0x0000000100000000, 0x0000000100000000)
  eden space 424448K, 100% used [0x00000000e0000000,0x00000000f9e80000,0x00000000f9e80000)
  from space 48640K, 14% used [0x00000000f9e80000,0x00000000fa56c1e0,0x00000000fce00000)
  to   space 48128K, 0% used [0x00000000fd100000,0x00000000fd100000,0x0000000100000000)
 ParOldGen       total 171008K, used 139044K [0x00000000a0000000, 0x00000000aa700000, 0x00000000e0000000)
  object space 171008K, 81% used [0x00000000a0000000,0x00000000a87c92c8,0x00000000aa700000)
 Metaspace       used 111077K, capacity 117344K, committed 118488K, reserved 1153024K
  class space    used 13831K, capacity 14928K, committed 15360K, reserved 1048576K
Event: 12493.834 GC heap after
Heap after GC invocations=53 (full 5):
 PSYoungGen      total 472064K, used 9980K [0x00000000e0000000, 0x00000000ffc80000, 0x0000000100000000)
  eden space 427520K, 0% used [0x00000000e0000000,0x00000000e0000000,0x00000000fa180000)
  from space 44544K, 22% used [0x00000000fd100000,0x00000000fdabf370,0x00000000ffc80000)
  to   space 46592K, 0% used [0x00000000fa180000,0x00000000fa180000,0x00000000fcf00000)
 ParOldGen       total 171008K, used 143860K [0x00000000a0000000, 0x00000000aa700000, 0x00000000e0000000)
  object space 171008K, 84% used [0x00000000a0000000,0x00000000a8c7d2d8,0x00000000aa700000)
 Metaspace       used 111077K, capacity 117344K, committed 118488K, reserved 1153024K
  class space    used 13831K, capacity 14928K, committed 15360K, reserved 1048576K
}
Event: 12495.682 GC heap before
{Heap before GC invocations=54 (full 5):
 PSYoungGen      total 472064K, used 437500K [0x00000000e0000000, 0x00000000ffc80000, 0x0000000100000000)
  eden space 427520K, 100% used [0x00000000e0000000,0x00000000fa180000,0x00000000fa180000)
  from space 44544K, 22% used [0x00000000fd100000,0x00000000fdabf370,0x00000000ffc80000)
  to   space 46592K, 0% used [0x00000000fa180000,0x00000000fa180000,0x00000000fcf00000)
 ParOldGen       total 171008K, used 143860K [0x00000000a0000000, 0x00000000aa700000, 0x00000000e0000000)
  object space 171008K, 84% used [0x00000000a0000000,0x00000000a8c7d2d8,0x00000000aa700000)
 Metaspace       used 111241K, capacity 117492K, committed 118488K, reserved 1153024K
  class space    used 13848K, capacity 14932K, committed 15360K, reserved 1048576K
Event: 12495.714 GC heap after
Heap after GC invocations=54 (full 5):
 PSYoungGen      total 474112K, used 11537K [0x00000000e0000000, 0x00000000ffe00000, 0x0000000100000000)
  eden space 427520K, 0% used [0x00000000e0000000,0x00000000e0000000,0x00000000fa180000)
  from space 46592K, 24% used [0x00000000fa180000,0x00000000facc4468,0x00000000fcf00000)
  to   space 44544K, 0% used [0x00000000fd280000,0x00000000fd280000,0x00000000ffe00000)
 ParOldGen       total 171008K, used 149436K [0x00000000a0000000, 0x00000000aa700000, 0x00000000e0000000)
  object space 171008K, 87% used [0x00000000a0000000,0x00000000a91ef328,0x00000000aa700000)
 Metaspace       used 111241K, capacity 117492K, committed 118488K, reserved 1153024K
  class space    used 13848K, capacity 14932K, committed 15360K, reserved 1048576K
}
Event: 12501.055 GC heap before
{Heap before GC invocations=55 (full 5):
 PSYoungGen      total 474112K, used 439057K [0x00000000e0000000, 0x00000000ffe00000, 0x0000000100000000)
  eden space 427520K, 100% used [0x00000000e0000000,0x00000000fa180000,0x00000000fa180000)
  from space 46592K, 24% used [0x00000000fa180000,0x00000000facc4468,0x00000000fcf00000)
  to   space 44544K, 0% used [0x00000000fd280000,0x00000000fd280000,0x00000000ffe00000)
 ParOldGen       total 171008K, used 149436K [0x00000000a0000000, 0x00000000aa700000, 0x00000000e0000000)
  object space 171008K, 87% used [0x00000000a0000000,0x00000000a91ef328,0x00000000aa700000)
 Metaspace       used 111835K, capacity 118232K, committed 119000K, reserved 1153024K
  class space    used 13897K, capacity 14990K, committed 15360K, reserved 1048576K
Event: 12501.310 GC heap after
Heap after GC invocations=55 (full 5):
 PSYoungGen      total 438784K, used 44542K [0x00000000e0000000, 0x0000000100000000, 0x0000000100000000)
  eden space 394240K, 0% used [0x00000000e0000000,0x00000000e0000000,0x00000000f8100000)
  from space 44544K, 99% used [0x00000000fd280000,0x00000000ffdff8c8,0x00000000ffe00000)
  to   space 65024K, 0% used [0x00000000f8100000,0x00000000f8100000,0x00000000fc080000)
 ParOldGen       total 185344K, used 184771K [0x00000000a0000000, 0x00000000ab500000, 0x00000000e0000000)
  object space 185344K, 99% used [0x00000000a0000000,0x00000000ab470e20,0x00000000ab500000)
 Metaspace       used 111835K, capacity 118232K, committed 119000K, reserved 1153024K
  class space    used 13897K, capacity 14990K, committed 15360K, reserved 1048576K
}
Event: 12501.343 GC heap before
{Heap before GC invocations=56 (full 6):
 PSYoungGen      total 438784K, used 44542K [0x00000000e0000000, 0x0000000100000000, 0x0000000100000000)
  eden space 394240K, 0% used [0x00000000e0000000,0x00000000e0000000,0x00000000f8100000)
  from space 44544K, 99% used [0x00000000fd280000,0x00000000ffdff8c8,0x00000000ffe00000)
  to   space 65024K, 0% used [0x00000000f8100000,0x00000000f8100000,0x00000000fc080000)
 ParOldGen       total 185344K, used 184771K [0x00000000a0000000, 0x00000000ab500000, 0x00000000e0000000)
  object space 185344K, 99% used [0x00000000a0000000,0x00000000ab470e20,0x00000000ab500000)
 Metaspace       used 111835K, capacity 118232K, committed 119000K, reserved 1153024K
  class space    used 13897K, capacity 14990K, committed 15360K, reserved 1048576K

